Santiago Valladolid Mérida Sevilla 1036
Mérida Madrid Zaragoza Barcelona 970
Murcia Valencia Zaragoza Logroño Pamplona 792
Madrid Valencia Murcia 587
Zaragoza Logroño Vitoria Santander Oviedo 587
Logroño Zaragoza Barcelona 482
Madrid Valladolid Santander 445
Vitoria Logroño Madrid Toledo 471
Valencia Toledo Mérida 672
Pamplona Logroño Madrid Toledo 494

2863
Santiago Oviedo Santander Valladolid Madrid Toledo Mérida Sevilla 1534
Mérida Toledo Madrid Valladolid Santander Vitoria Logroño Zaragoza Barcelona 1528
Murcia Valencia Zaragoza Logroño Pamplona 792
Madrid Valladolid Santander Vitoria Logroño Zaragoza Valencia Murcia 1376
Zaragoza Logroño Vitoria Santander Oviedo 587
Logroño Zaragoza Barcelona 482
Madrid Valladolid Santander 445
Vitoria Santander Valladolid Madrid Toledo 682
Valencia Zaragoza Logroño Vitoria Santander Valladolid Madrid Toledo Mérida 1525
Pamplona Logroño Vitoria Santander Valladolid Madrid Toledo 831
